TN:
SF:C:\Users\emmy\Documents\node_tut\connectposgres\exercise1.js
FN:2,(anonymous_0)
FNF:1
FNH:1
FNDA:8,(anonymous_0)
DA:2,1
DA:3,8
DA:4,4
DA:6,4
DA:7,1
DA:9,3
DA:10,1
DA:12,2
DA:13,1
DA:15,1
LF:10
LH:10
BRDA:3,0,0,4
BRDA:3,0,1,4
BRDA:6,1,0,1
BRDA:6,1,1,3
BRDA:6,2,0,4
BRDA:6,2,1,2
BRDA:9,3,0,1
BRDA:9,3,1,2
BRDA:12,4,0,1
BRDA:12,4,1,1
BRF:10
BRH:10
end_of_record
TN:
SF:C:\Users\emmy\Documents\node_tut\connectposgres\lib.js
FN:5,(anonymous_0)
FN:13,(anonymous_1)
FN:18,(anonymous_2)
FN:23,(anonymous_3)
FN:28,(anonymous_4)
FN:35,(anonymous_5)
FN:43,(anonymous_6)
FNF:7
FNH:7
FNDA:3,(anonymous_0)
FNDA:1,(anonymous_1)
FNDA:1,(anonymous_2)
FNDA:1,(anonymous_3)
FNDA:7,(anonymous_4)
FNDA:1,(anonymous_5)
FNDA:3,(anonymous_6)
DA:1,1
DA:2,1
DA:5,1
DA:9,3
DA:13,1
DA:14,1
DA:18,1
DA:19,1
DA:23,1
DA:24,1
DA:28,1
DA:29,7
DA:31,1
DA:35,1
DA:36,1
DA:38,1
DA:39,1
DA:43,1
DA:44,3
DA:46,3
LF:20
LH:20
BRDA:9,0,0,2
BRDA:9,0,1,1
BRDA:29,1,0,6
BRDA:29,1,1,1
BRDA:38,2,0,1
BRDA:38,2,1,0
BRF:6
BRH:5
end_of_record
